<?xml version="1.0" encoding="UTF-8"?>
<testsuite xmlns:xsi="http://www.w3.org/2001/XMLSchema-instance" xsi:noNamespaceSchemaLocation="https://maven.apache.org/surefire/maven-surefire-plugin/xsd/surefire-test-report.xsd" name="project.edgeservicefrontend.EdgeServiceFrontendApplicationTests" time="22.308" tests="1" errors="1" skipped="0" failures="0">
  <properties>
[...]
</properties>
  <testcase name="performFrontEndTests" classname="project.edgeservicefrontend.EdgeServiceFrontendApplicationTests" time="11.604">
    <error message="unknown error: net::ERR_CONNECTION_REFUSED&#10;  (Session info: chrome=96.0.4664.110)&#10;Build info: version: &apos;3.141.59&apos;, revision: &apos;e82be7d358&apos;, time: &apos;2018-11-14T08:17:03&apos;&#10;System info: host: &apos;DESKTOP-CQDADKS&apos;, ip: &apos;172.19.144.1&apos;, os.name: &apos;Windows 10&apos;, os.arch: &apos;amd64&apos;, os.version: &apos;10.0&apos;, java.version: &apos;17&apos;&#10;Driver info: org.openqa.selenium.chrome.ChromeDriver&#10;Capabilities {acceptInsecureCerts: false, browserName: chrome, browserVersion: 96.0.4664.110, chrome: {chromedriverVersion: 96.0.4664.45 (76e4c1bb2ab46..., userDataDir: C:\Users\brent\AppData\Loca...}, goog:chromeOptions: {debuggerAddress: localhost:54477}, javascriptEnabled: true, networkConnectionEnabled: false, pageLoadStrategy: normal, platform: WINDOWS, platformName: WINDOWS, proxy: Proxy(), setWindowRect: true, strictFileInteractability: false, timeouts: {implicit: 0, pageLoad: 300000, script: 30000}, unhandledPromptBehavior: dismiss and notify, webauthn:extension:credBlob: true, webauthn:extension:largeBlob: true, webauthn:virtualAuthenticators: true}&#10;Session ID: 3646f5127271b8e1d312cfc89f6b8dbf" type="org.openqa.selenium.WebDriverException">org.openqa.selenium.WebDriverException: 
unknown error: net::ERR_CONNECTION_REFUSED
  (Session info: chrome=96.0.4664.110)
Build info: version: '3.141.59', revision: 'e82be7d358', time: '2018-11-14T08:17:03'
System info: host: 'DESKTOP-CQDADKS', ip: '172.19.144.1', os.name: 'Windows 10', os.arch: 'amd64', os.version: '10.0', java.version: '17'
Driver info: org.openqa.selenium.chrome.ChromeDriver
Capabilities {acceptInsecureCerts: false, browserName: chrome, browserVersion: 96.0.4664.110, chrome: {chromedriverVersion: 96.0.4664.45 (76e4c1bb2ab46..., userDataDir: C:\Users\brent\AppData\Loca...}, goog:chromeOptions: {debuggerAddress: localhost:54477}, javascriptEnabled: true, networkConnectionEnabled: false, pageLoadStrategy: normal, platform: WINDOWS, platformName: WINDOWS, proxy: Proxy(), setWindowRect: true, strictFileInteractability: false, timeouts: {implicit: 0, pageLoad: 300000, script: 30000}, unhandledPromptBehavior: dismiss and notify, webauthn:extension:credBlob: true, webauthn:extension:largeBlob: true, webauthn:virtualAuthenticators: true}
Session ID: 3646f5127271b8e1d312cfc89f6b8dbf
	at project.edgeservicefrontend.EdgeServiceFrontendApplicationTests.performFrontEndTests(EdgeServiceFrontendApplicationTests.java:34)
</error>
    <system-out><![CDATA[00:59:45.674 [main] DEBUG org.springframework.test.context.BootstrapUtils - Instantiating CacheAwareContextLoaderDelegate from class [org.springframework.test.context.cache.DefaultCacheAwareContextLoaderDelegate]
00:59:45.700 [main] DEBUG org.springframework.test.context.BootstrapUtils - Instantiating BootstrapContext using constructor [public org.springframework.test.context.support.DefaultBootstrapContext(java.lang.Class,org.springframework.test.context.CacheAwareContextLoaderDelegate)]
00:59:45.779 [main] DEBUG org.springframework.test.context.BootstrapUtils - Instantiating TestContextBootstrapper for test class [project.edgeservicefrontend.EdgeServiceFrontendApplicationTests] from class [org.springframework.boot.test.context.SpringBootTestContextBootstrapper]
00:59:45.805 [main] INFO org.springframework.boot.test.context.SpringBootTestContextBootstrapper - Neither @ContextConfiguration nor @ContextHierarchy found for test class [project.edgeservicefrontend.EdgeServiceFrontendApplicationTests], using SpringBootContextLoader
00:59:45.812 [main] DEBUG org.springframework.test.context.support.AbstractContextLoader - Did not detect default resource location for test class [project.edgeservicefrontend.EdgeServiceFrontendApplicationTests]: class path resource [project/edgeservicefrontend/EdgeServiceFrontendApplicationTests-context.xml] does not exist
00:59:45.812 [main] DEBUG org.springframework.test.context.support.AbstractContextLoader - Did not detect default resource location for test class [project.edgeservicefrontend.EdgeServiceFrontendApplicationTests]: class path resource [project/edgeservicefrontend/EdgeServiceFrontendApplicationTestsContext.groovy] does not exist
00:59:45.816 [main] INFO org.springframework.test.context.support.AbstractContextLoader - Could not detect default resource locations for test class [project.edgeservicefrontend.EdgeServiceFrontendApplicationTests]: no resource found for suffixes {-context.xml, Context.groovy}.
00:59:45.817 [main] INFO org.springframework.test.context.support.AnnotationConfigContextLoaderUtils - Could not detect default configuration classes for test class [project.edgeservicefrontend.EdgeServiceFrontendApplicationTests]: EdgeServiceFrontendApplicationTests does not declare any static, non-private, non-final, nested classes annotated with @Configuration.
00:59:45.946 [main] DEBUG org.springframework.test.context.support.ActiveProfilesUtils - Could not find an 'annotation declaring class' for annotation type [org.springframework.test.context.ActiveProfiles] and class [project.edgeservicefrontend.EdgeServiceFrontendApplicationTests]
00:59:46.134 [main] DEBUG org.springframework.context.annotation.ClassPathScanningCandidateComponentProvider - Identified candidate component class: file [C:\Users\brent\Desktop\Thomas More\3de jaar\Advanced Programming Topics\Project\edge-service-frontend\target\classes\project\edgeservicefrontend\EdgeServiceFrontendApplication.class]
00:59:46.137 [main] INFO org.springframework.boot.test.context.SpringBootTestContextBootstrapper - Found @SpringBootConfiguration project.edgeservicefrontend.EdgeServiceFrontendApplication for test class project.edgeservicefrontend.EdgeServiceFrontendApplicationTests
00:59:46.464 [main] DEBUG org.springframework.boot.test.context.SpringBootTestContextBootstrapper - @TestExecutionListeners is not present for class [project.edgeservicefrontend.EdgeServiceFrontendApplicationTests]: using defaults.
00:59:46.466 [main] INFO org.springframework.boot.test.context.SpringBootTestContextBootstrapper - Loaded default TestExecutionListener class names from location [META-INF/spring.factories]: [org.springframework.boot.test.mock.mockito.MockitoTestExecutionListener, org.springframework.boot.test.mock.mockito.ResetMocksTestExecutionListener, org.springframework.boot.test.autoconfigure.restdocs.RestDocsTestExecutionListener, org.springframework.boot.test.autoconfigure.web.client.MockRestServiceServerResetTestExecutionListener, org.springframework.boot.test.autoconfigure.web.servlet.MockMvcPrintOnlyOnFailureTestExecutionListener, org.springframework.boot.test.autoconfigure.web.servlet.WebDriverTestExecutionListener, org.springframework.boot.test.autoconfigure.webservices.client.MockWebServiceServerTestExecutionListener, org.springframework.test.context.web.ServletTestExecutionListener, org.springframework.test.context.support.DirtiesContextBeforeModesTestExecutionListener, org.springframework.test.context.event.ApplicationEventsTestExecutionListener, org.springframework.test.context.support.DependencyInjectionTestExecutionListener, org.springframework.test.context.support.DirtiesContextTestExecutionListener, org.springframework.test.context.transaction.TransactionalTestExecutionListener, org.springframework.test.context.jdbc.SqlScriptsTestExecutionListener, org.springframework.test.context.event.EventPublishingTestExecutionListener]
00:59:46.510 [main] DEBUG org.springframework.boot.test.context.SpringBootTestContextBootstrapper - Skipping candidate TestExecutionListener [org.springframework.test.context.transaction.TransactionalTestExecutionListener] due to a missing dependency. Specify custom listener classes or make the default listener classes and their required dependencies available. Offending class: [org/springframework/transaction/interceptor/TransactionAttributeSource]
00:59:46.510 [main] DEBUG org.springframework.boot.test.context.SpringBootTestContextBootstrapper - Skipping candidate TestExecutionListener [org.springframework.test.context.jdbc.SqlScriptsTestExecutionListener] due to a missing dependency. Specify custom listener classes or make the default listener classes and their required dependencies available. Offending class: [org/springframework/transaction/interceptor/TransactionAttribute]
00:59:46.512 [main] INFO org.springframework.boot.test.context.SpringBootTestContextBootstrapper - Using TestExecutionListeners: [org.springframework.test.context.web.ServletTestExecutionListener@5be46f9d, org.springframework.test.context.support.DirtiesContextBeforeModesTestExecutionListener@3f91b517, org.springframework.test.context.event.ApplicationEventsTestExecutionListener@68702e03, org.springframework.boot.test.mock.mockito.MockitoTestExecutionListener@7a220c9a, org.springframework.boot.test.autoconfigure.SpringBootDependencyInjectionTestExecutionListener@2421cc4, org.springframework.test.context.support.DirtiesContextTestExecutionListener@30c93896, org.springframework.test.context.event.EventPublishingTestExecutionListener@59a008ba, org.springframework.boot.test.mock.mockito.ResetMocksTestExecutionListener@338c99c8, org.springframework.boot.test.autoconfigure.restdocs.RestDocsTestExecutionListener@21ba0741, org.springframework.boot.test.autoconfigure.web.client.MockRestServiceServerResetTestExecutionListener@58ce9668, org.springframework.boot.test.autoconfigure.web.servlet.MockMvcPrintOnlyOnFailureTestExecutionListener@172b013, org.springframework.boot.test.autoconfigure.web.servlet.WebDriverTestExecutionListener@56673b2c, org.springframework.boot.test.autoconfigure.webservices.client.MockWebServiceServerTestExecutionListener@2796aeae]
00:59:46.524 [main] DEBUG org.springframework.test.context.support.AbstractDirtiesContextTestExecutionListener - Before test class: context [DefaultTestContext@7a55af6b testClass = EdgeServiceFrontendApplicationTests, testInstance = [null], testMethod = [null], testException = [null], mergedContextConfiguration = [WebMergedContextConfiguration@3d9c13b5 testClass = EdgeServiceFrontendApplicationTests, locations = '{}', classes = '{class project.edgeservicefrontend.EdgeServiceFrontendApplication}', contextInitializerClasses = '[]', activeProfiles = '{}', propertySourceLocations = '{}', propertySourceProperties = '{org.springframework.boot.test.context.SpringBootTestContextBootstrapper=true}', contextCustomizers = set[org.springframework.boot.test.context.filter.ExcludeFilterContextCustomizer@3bf9ce3e, org.springframework.boot.test.json.DuplicateJsonObjectContextCustomizerFactory$DuplicateJsonObjectContextCustomizer@383bfa16, org.springframework.boot.test.mock.mockito.MockitoContextCustomizer@0, org.springframework.boot.test.web.client.TestRestTemplateContextCustomizer@48f278eb, org.springframework.boot.test.autoconfigure.actuate.metrics.MetricsExportContextCustomizerFactory$DisableMetricExportContextCustomizer@1af2d44a, org.springframework.boot.test.autoconfigure.properties.PropertyMappingContextCustomizer@0, org.springframework.boot.test.autoconfigure.web.servlet.WebDriverContextCustomizerFactory$Customizer@7c711375, org.springframework.boot.test.context.SpringBootTestArgs@1, org.springframework.boot.test.context.SpringBootTestWebEnvironment@2353b3e6], resourceBasePath = 'src/main/webapp', contextLoader = 'org.springframework.boot.test.context.SpringBootContextLoader', parent = [null]], attributes = map['org.springframework.test.context.web.ServletTestExecutionListener.activateListener' -> true]], class annotated with @DirtiesContext [false] with mode [null].
00:59:46.665 [main] DEBUG org.springframework.boot.ApplicationServletEnvironment - Activating profiles []
00:59:46.666 [main] DEBUG org.springframework.test.context.support.TestPropertySourceUtils - Adding inlined properties to environment: {spring.jmx.enabled=false, org.springframework.boot.test.context.SpringBootTestContextBootstrapper=true}

  .   ____          _            __ _ _
 /\\ / ___'_ __ _ _(_)_ __  __ _ \ \ \ \
( ( )\___ | '_ | '_| | '_ \/ _` | \ \ \ \
 \\/  ___)| |_)| | | | | || (_| |  ) ) ) )
  '  |____| .__|_| |_|_| |_\__, | / / / /
 =========|_|==============|___/=/_/_/_/
 :: Spring Boot ::                (v2.6.1)

2022-01-04 00:59:47.442  INFO 6712 --- [           main] p.e.EdgeServiceFrontendApplicationTests  : Starting EdgeServiceFrontendApplicationTests using Java 17 on DESKTOP-CQDADKS with PID 6712 (started by brent in C:\Users\brent\Desktop\Thomas More\3de jaar\Advanced Programming Topics\Project\edge-service-frontend)
2022-01-04 00:59:47.444  INFO 6712 --- [           main] p.e.EdgeServiceFrontendApplicationTests  : No active profile set, falling back to default profiles: default
2022-01-04 00:59:51.035 ERROR 6712 --- [           main] i.g.bonigarcia.wdm.online.HttpClient     : Error HTTP 404 executing https://chromedriver.storage.googleapis.com/LATEST_RELEASE_77.0.3865.40
2022-01-04 00:59:51.035  WARN 6712 --- [           main] i.g.b.wdm.versions.VersionDetector       : Exception reading https://chromedriver.storage.googleapis.com/LATEST_RELEASE_77.0.3865.40 to get latest version of chromedriver (Error HTTP 404 executing https://chromedriver.storage.googleapis.com/LATEST_RELEASE_77.0.3865.40)
2022-01-04 00:59:51.467  INFO 6712 --- [           main] i.g.bonigarcia.wdm.WebDriverManager      : Exporting webdriver.chrome.driver as C:\Users\brent\.cache\selenium\chromedriver\win32\96.0.4664.45\chromedriver.exe
2022-01-04 00:59:53.309  INFO 6712 --- [ null to remote] o.o.selenium.remote.ProtocolHandshake    : Detected dialect: W3C
2022-01-04 00:59:56.175  INFO 6712 --- [           main] p.e.EdgeServiceFrontendApplicationTests  : Started EdgeServiceFrontendApplicationTests in 9.507 seconds (JVM running for 11.945)
]]></system-out>
    <system-err><![CDATA[Starting ChromeDriver 96.0.4664.45 (76e4c1bb2ab4671b8beba3444e61c0f17584b2fc-refs/branch-heads/4664@{#947}) on port 4612
Only local connections are allowed.
Please see https://chromedriver.chromium.org/security-considerations for suggestions on keeping ChromeDriver safe.
ChromeDriver was started successfully.
]]></system-err>
  </testcase>
</testsuite>